c:\users\nicch\documents\school\s6\game engine\endurance-engine\enduranceengine\enduranceengine\x64\debug\vc141.pdb
c:\users\nicch\documents\school\s6\game engine\endurance-engine\enduranceengine\enduranceengine\x64\debug\vc141.idb
c:\users\nicch\documents\school\s6\game engine\endurance-engine\enduranceengine\enduranceengine\x64\debug\stdafx.obj
c:\users\nicch\documents\school\s6\game engine\endurance-engine\enduranceengine\enduranceengine\x64\debug\spriterenderer.obj
c:\users\nicch\documents\school\s6\game engine\endurance-engine\enduranceengine\enduranceengine\x64\debug\splashscreen.obj
c:\users\nicch\documents\school\s6\game engine\endurance-engine\enduranceengine\enduranceengine\x64\debug\soundeffects.obj
c:\users\nicch\documents\school\s6\game engine\endurance-engine\enduranceengine\enduranceengine\x64\debug\scenegraph.obj
c:\users\nicch\documents\school\s6\game engine\endurance-engine\enduranceengine\enduranceengine\x64\debug\render.obj
c:\users\nicch\documents\school\s6\game engine\endurance-engine\enduranceengine\enduranceengine\x64\debug\playerinput.obj
c:\users\nicch\documents\school\s6\game engine\endurance-engine\enduranceengine\enduranceengine\x64\debug\physics.obj
c:\users\nicch\documents\school\s6\game engine\endurance-engine\enduranceengine\enduranceengine\x64\debug\menu.obj
c:\users\nicch\documents\school\s6\game engine\endurance-engine\enduranceengine\enduranceengine\x64\debug\mainsource.obj
c:\users\nicch\documents\school\s6\game engine\endurance-engine\enduranceengine\enduranceengine\x64\debug\inputinterface.obj
c:\users\nicch\documents\school\s6\game engine\endurance-engine\enduranceengine\enduranceengine\x64\debug\initialize.obj
c:\users\nicch\documents\school\s6\game engine\endurance-engine\enduranceengine\enduranceengine\x64\debug\eventhandler.obj
c:\users\nicch\documents\school\s6\game engine\endurance-engine\enduranceengine\enduranceengine\x64\debug\enduranceengine.obj
c:\users\nicch\documents\school\s6\game engine\endurance-engine\enduranceengine\enduranceengine\x64\debug\collection.obj
c:\users\nicch\documents\school\s6\game engine\endurance-engine\enduranceengine\enduranceengine\x64\debug\camera.obj
c:\users\nicch\documents\school\s6\game engine\endurance-engine\enduranceengine\enduranceengine\x64\debug\audiomanager.obj
c:\users\nicch\documents\school\s6\game engine\endurance-engine\enduranceengine\enduranceengine\x64\debug\animation.obj
c:\users\nicch\documents\school\s6\game engine\endurance-engine\enduranceengine\enduranceengine\x64\debug\ai.obj
c:\users\nicch\documents\school\s6\game engine\endurance-engine\enduranceengine\enduranceengine\x64\debug\actor.obj
c:\users\nicch\documents\school\s6\game engine\endurance-engine\enduranceengine\enduranceengine\x64\debug\worldbuilder.obj
c:\users\nicch\documents\school\s6\game engine\endurance-engine\enduranceengine\enduranceengine\x64\debug\userinterface.obj
c:\users\nicch\documents\school\s6\game engine\endurance-engine\enduranceengine\enduranceengine\x64\debug\properties.obj
c:\users\nicch\documents\school\s6\game engine\endurance-engine\enduranceengine\enduranceengine\x64\debug\textbox.obj
c:\users\nicch\documents\school\s6\game engine\endurance-engine\enduranceengine\x64\debug\enduranceengine.exe
c:\users\nicch\documents\school\s6\game engine\endurance-engine\enduranceengine\x64\debug\enduranceengine.ilk
c:\users\nicch\documents\school\s6\game engine\endurance-engine\enduranceengine\x64\debug\enduranceengine.pdb
c:\users\nicch\documents\school\s6\game engine\endurance-engine\enduranceengine\enduranceengine\x64\debug\enduranceengine.tlog\cl.command.1.tlog
c:\users\nicch\documents\school\s6\game engine\endurance-engine\enduranceengine\enduranceengine\x64\debug\enduranceengine.tlog\cl.read.1.tlog
c:\users\nicch\documents\school\s6\game engine\endurance-engine\enduranceengine\enduranceengine\x64\debug\enduranceengine.tlog\cl.write.1.tlog
c:\users\nicch\documents\school\s6\game engine\endurance-engine\enduranceengine\enduranceengine\x64\debug\enduranceengine.tlog\link.command.1.tlog
c:\users\nicch\documents\school\s6\game engine\endurance-engine\enduranceengine\enduranceengine\x64\debug\enduranceengine.tlog\link.read.1.tlog
c:\users\nicch\documents\school\s6\game engine\endurance-engine\enduranceengine\enduranceengine\x64\debug\enduranceengine.tlog\link.write.1.tlog
